Nonterminals useless in grammar

    NumberClause
    IDClause


Terminals unused in grammar

    COMMA


Rules useless in grammar

   50 Expr: ADD NumberClause TO ID
   51     | ADD IDClause TO ID
   52     | ADD NUMBER TO IDClause
   53     | ADD NumberClause TO IDClause
   54     | ADD ID TO IDClause
   55     | ADD IDClause TO IDClause

   56 NumberClause: NUMBER COMMA NumberClause

   57 IDClause: ID COMMA IDClause


State 29 conflicts: 1 shift/reduce
State 61 conflicts: 12 reduce/reduce
State 70 conflicts: 12 reduce/reduce


Grammar

    0 $accept: Program $end

    1 Program: Module1 Module2 Module3

    2 Module1: IDDiv ProgID

    3 Module2: EnvDiv

    4 Module3: ProcDiv Statements StopRun

    5 ProgID: PROGRAMID PERIOD ID PERIOD

    6 Statements: %empty
    7           | Statement Statements

    8 Statement: PERIOD
    9          | Expr PERIOD
   10          | Expr

   11 Expr: DISPLAY STRING
   12     | ACCEPT ID
   13     | IF Condition THEN Statement ENDIF
   14     | PERFORM Statement UNTIL COUNT Operator NUMBER
   15     | PERFORM Statement NUMBER TIMES
   16     | DoubleDigit ID PICTURE IS Nines
   17     | DoubleDigit ID PIC Nines
   18     | DoubleDigit ID PIC IntPicClause
   19     | DoubleDigit ID PICTURE IS FloatClause
   20     | DoubleDigit ID PIC FloatClause
   21     | DoubleDigit ID PICTURE IS UnsignedClause
   22     | DoubleDigit ID PIC UnsignedClause
   23     | DoubleDigit ID PICTURE IS Xs
   24     | DoubleDigit ID PIC Xs
   25     | DoubleDigit ID PIC StringPicClause
   26     | ADD NUMBER TO ID
   27     | ADD ID TO ID

   28 Condition: ID Operator ID
   29          | ID Operator NUMBER

   30 Operator: GT_OP
   31         | LT_OP
   32         | EQ_OP
   33         | DOUBLE_EQ_OP
   34         | GT_EQ_OP
   35         | LT_EQ_OP

   36 DoubleDigit: %empty
   37            | DIGIT DIGIT

   38 Nines: %empty
   39      | NINE Nines

   40 Xs: %empty
   41   | LETTERX Xs

   42 IntPicClause: NINE OPEN_PARENTHESES NUMBER CLOSE_PARENTHESES

   43 FloatClause: Nines LETTERV Nines

   44 UnsignedClause: LETTERS Nines

   45 StringPicClause: LETTERX OPEN_PARENTHESES NUMBER CLOSE_PARENTHESES

   46 IDDiv: IDENTIFICATION DIVISION PERIOD

   47 EnvDiv: ENVIRIONMENT DIVISION PERIOD

   48 ProcDiv: PROCEDURE DIVISION PERIOD

   49 StopRun: STOP RUN PERIOD


Terminals, with rules where they appear

    $end (0) 0
    error (256)
    NUMBER <number> (258) 14 15 26 29 42 45
    DIGIT <number> (259) 37
    ID <string> (260) 5 12 16 17 18 19 20 21 22 23 24 25 26 27 28 29
    STRING <string> (261) 11
    IDENTIFICATION <string> (262) 46
    ENVIRIONMENT <string> (263) 47
    PROCEDURE <string> (264) 48
    DIVISION <string> (265) 46 47 48
    PROGRAMID <string> (266) 5
    DISPLAY <string> (267) 11
    ACCEPT <string> (268) 12
    STOP <string> (269) 49
    RUN <string> (270) 49
    IF <string> (271) 13
    THEN <string> (272) 13
    ENDIF <string> (273) 13
    PERFORM <string> (274) 14 15
    UNTIL <string> (275) 14
    COUNT <string> (276) 14
    TIMES <string> (277) 15
    PICTURE <string> (278) 16 19 21 23
    PIC <string> (279) 17 18 20 22 24 25
    IS <string> (280) 16 19 21 23
    TO <string> (281) 26 27
    PERIOD <character> (282) 5 8 9 46 47 48 49
    COMMA <character> (283)
    GT_OP <character> (284) 30
    LT_OP <character> (285) 31
    EQ_OP <character> (286) 32
    DOUBLE_EQ_OP <character> (287) 33
    GT_EQ_OP <character> (288) 34
    LT_EQ_OP <character> (289) 35
    OPEN_PARENTHESES <character> (290) 42 45
    CLOSE_PARENTHESES <character> (291) 42 45
    ADD <character> (292) 26 27
    NINE <character> (293) 39 42
    LETTERV <character> (294) 43
    LETTERS <character> (295) 44
    LETTERX <character> (296) 41 45


Nonterminals, with rules where they appear

    $accept (42)
        on left: 0
    Program <ast> (43)
        on left: 1
        on right: 0
    Module1 <ast> (44)
        on left: 2
        on right: 1
    Module2 <ast> (45)
        on left: 3
        on right: 1
    Module3 <ast> (46)
        on left: 4
        on right: 1
    ProgID <ast> (47)
        on left: 5
        on right: 2
    Statements <ast> (48)
        on left: 6 7
        on right: 4 7
    Statement <ast> (49)
        on left: 8 9 10
        on right: 7 13 14 15
    Expr <ast> (50)
        on left: 11 12 13 14 15 16 17 18 19 20 21 22 23 24 25 26 27
        on right: 9 10
    Condition <ast> (51)
        on left: 28 29
        on right: 13
    Operator <ast> (52)
        on left: 30 31 32 33 34 35
        on right: 14 28 29
    DoubleDigit <ast> (53)
        on left: 36 37
        on right: 16 17 18 19 20 21 22 23 24 25
    Nines <ast> (54)
        on left: 38 39
        on right: 16 17 39 43 44
    Xs <ast> (55)
        on left: 40 41
        on right: 23 24 41
    IntPicClause <ast> (56)
        on left: 42
        on right: 18
    FloatClause <ast> (57)
        on left: 43
        on right: 19 20
    UnsignedClause <ast> (58)
        on left: 44
        on right: 21 22
    StringPicClause <ast> (59)
        on left: 45
        on right: 25
    IDDiv <ast> (60)
        on left: 46
        on right: 2
    EnvDiv <ast> (61)
        on left: 47
        on right: 3
    ProcDiv <ast> (62)
        on left: 48
        on right: 4
    StopRun <ast> (63)
        on left: 49
        on right: 4


State 0

    0 $accept: . Program $end

    IDENTIFICATION  shift, and go to state 1

    Program  go to state 2
    Module1  go to state 3
    IDDiv    go to state 4


State 1

   46 IDDiv: IDENTIFICATION . DIVISION PERIOD

    DIVISION  shift, and go to state 5


State 2

    0 $accept: Program . $end

    $end  shift, and go to state 6


State 3

    1 Program: Module1 . Module2 Module3

    ENVIRIONMENT  shift, and go to state 7

    Module2  go to state 8
    EnvDiv   go to state 9


State 4

    2 Module1: IDDiv . ProgID

    PROGRAMID  shift, and go to state 10

    ProgID  go to state 11


State 5

   46 IDDiv: IDENTIFICATION DIVISION . PERIOD

    PERIOD  shift, and go to state 12


State 6

    0 $accept: Program $end .

    $default  accept


State 7

   47 EnvDiv: ENVIRIONMENT . DIVISION PERIOD

    DIVISION  shift, and go to state 13


State 8

    1 Program: Module1 Module2 . Module3

    PROCEDURE  shift, and go to state 14

    Module3  go to state 15
    ProcDiv  go to state 16


State 9

    3 Module2: EnvDiv .

    $default  reduce using rule 3 (Module2)


State 10

    5 ProgID: PROGRAMID . PERIOD ID PERIOD

    PERIOD  shift, and go to state 17


State 11

    2 Module1: IDDiv ProgID .

    $default  reduce using rule 2 (Module1)


State 12

   46 IDDiv: IDENTIFICATION DIVISION PERIOD .

    $default  reduce using rule 46 (IDDiv)


State 13

   47 EnvDiv: ENVIRIONMENT DIVISION . PERIOD

    PERIOD  shift, and go to state 18


State 14

   48 ProcDiv: PROCEDURE . DIVISION PERIOD

    DIVISION  shift, and go to state 19


State 15

    1 Program: Module1 Module2 Module3 .

    $default  reduce using rule 1 (Program)


State 16

    4 Module3: ProcDiv . Statements StopRun

    DIGIT    shift, and go to state 20
    DISPLAY  shift, and go to state 21
    ACCEPT   shift, and go to state 22
    IF       shift, and go to state 23
    PERFORM  shift, and go to state 24
    PERIOD   shift, and go to state 25
    ADD      shift, and go to state 26

    ID        reduce using rule 36 (DoubleDigit)
    $default  reduce using rule 6 (Statements)

    Statements   go to state 27
    Statement    go to state 28
    Expr         go to state 29
    DoubleDigit  go to state 30


State 17

    5 ProgID: PROGRAMID PERIOD . ID PERIOD

    ID  shift, and go to state 31


State 18

   47 EnvDiv: ENVIRIONMENT DIVISION PERIOD .

    $default  reduce using rule 47 (EnvDiv)


State 19

   48 ProcDiv: PROCEDURE DIVISION . PERIOD

    PERIOD  shift, and go to state 32


State 20

   37 DoubleDigit: DIGIT . DIGIT

    DIGIT  shift, and go to state 33


State 21

   11 Expr: DISPLAY . STRING

    STRING  shift, and go to state 34


State 22

   12 Expr: ACCEPT . ID

    ID  shift, and go to state 35


State 23

   13 Expr: IF . Condition THEN Statement ENDIF

    ID  shift, and go to state 36

    Condition  go to state 37


State 24

   14 Expr: PERFORM . Statement UNTIL COUNT Operator NUMBER
   15     | PERFORM . Statement NUMBER TIMES

    DIGIT    shift, and go to state 20
    DISPLAY  shift, and go to state 21
    ACCEPT   shift, and go to state 22
    IF       shift, and go to state 23
    PERFORM  shift, and go to state 24
    PERIOD   shift, and go to state 25
    ADD      shift, and go to state 26

    $default  reduce using rule 36 (DoubleDigit)

    Statement    go to state 38
    Expr         go to state 29
    DoubleDigit  go to state 30


State 25

    8 Statement: PERIOD .

    $default  reduce using rule 8 (Statement)


State 26

   26 Expr: ADD . NUMBER TO ID
   27     | ADD . ID TO ID

    NUMBER  shift, and go to state 39
    ID      shift, and go to state 40


State 27

    4 Module3: ProcDiv Statements . StopRun

    STOP  shift, and go to state 41

    StopRun  go to state 42


State 28

    7 Statements: Statement . Statements

    DIGIT    shift, and go to state 20
    DISPLAY  shift, and go to state 21
    ACCEPT   shift, and go to state 22
    IF       shift, and go to state 23
    PERFORM  shift, and go to state 24
    PERIOD   shift, and go to state 25
    ADD      shift, and go to state 26

    ID        reduce using rule 36 (DoubleDigit)
    $default  reduce using rule 6 (Statements)

    Statements   go to state 43
    Statement    go to state 28
    Expr         go to state 29
    DoubleDigit  go to state 30


State 29

    9 Statement: Expr . PERIOD
   10          | Expr .

    PERIOD  shift, and go to state 44

    PERIOD    [reduce using rule 10 (Statement)]
    $default  reduce using rule 10 (Statement)


State 30

   16 Expr: DoubleDigit . ID PICTURE IS Nines
   17     | DoubleDigit . ID PIC Nines
   18     | DoubleDigit . ID PIC IntPicClause
   19     | DoubleDigit . ID PICTURE IS FloatClause
   20     | DoubleDigit . ID PIC FloatClause
   21     | DoubleDigit . ID PICTURE IS UnsignedClause
   22     | DoubleDigit . ID PIC UnsignedClause
   23     | DoubleDigit . ID PICTURE IS Xs
   24     | DoubleDigit . ID PIC Xs
   25     | DoubleDigit . ID PIC StringPicClause

    ID  shift, and go to state 45


State 31

    5 ProgID: PROGRAMID PERIOD ID . PERIOD

    PERIOD  shift, and go to state 46


State 32

   48 ProcDiv: PROCEDURE DIVISION PERIOD .

    $default  reduce using rule 48 (ProcDiv)


State 33

   37 DoubleDigit: DIGIT DIGIT .

    $default  reduce using rule 37 (DoubleDigit)


State 34

   11 Expr: DISPLAY STRING .

    $default  reduce using rule 11 (Expr)


State 35

   12 Expr: ACCEPT ID .

    $default  reduce using rule 12 (Expr)


State 36

   28 Condition: ID . Operator ID
   29          | ID . Operator NUMBER

    GT_OP         shift, and go to state 47
    LT_OP         shift, and go to state 48
    EQ_OP         shift, and go to state 49
    DOUBLE_EQ_OP  shift, and go to state 50
    GT_EQ_OP      shift, and go to state 51
    LT_EQ_OP      shift, and go to state 52

    Operator  go to state 53


State 37

   13 Expr: IF Condition . THEN Statement ENDIF

    THEN  shift, and go to state 54


State 38

   14 Expr: PERFORM Statement . UNTIL COUNT Operator NUMBER
   15     | PERFORM Statement . NUMBER TIMES

    NUMBER  shift, and go to state 55
    UNTIL   shift, and go to state 56


State 39

   26 Expr: ADD NUMBER . TO ID

    TO  shift, and go to state 57


State 40

   27 Expr: ADD ID . TO ID

    TO  shift, and go to state 58


State 41

   49 StopRun: STOP . RUN PERIOD

    RUN  shift, and go to state 59


State 42

    4 Module3: ProcDiv Statements StopRun .

    $default  reduce using rule 4 (Module3)


State 43

    7 Statements: Statement Statements .

    $default  reduce using rule 7 (Statements)


State 44

    9 Statement: Expr PERIOD .

    $default  reduce using rule 9 (Statement)


State 45

   16 Expr: DoubleDigit ID . PICTURE IS Nines
   17     | DoubleDigit ID . PIC Nines
   18     | DoubleDigit ID . PIC IntPicClause
   19     | DoubleDigit ID . PICTURE IS FloatClause
   20     | DoubleDigit ID . PIC FloatClause
   21     | DoubleDigit ID . PICTURE IS UnsignedClause
   22     | DoubleDigit ID . PIC UnsignedClause
   23     | DoubleDigit ID . PICTURE IS Xs
   24     | DoubleDigit ID . PIC Xs
   25     | DoubleDigit ID . PIC StringPicClause

    PICTURE  shift, and go to state 60
    PIC      shift, and go to state 61


State 46

    5 ProgID: PROGRAMID PERIOD ID PERIOD .

    $default  reduce using rule 5 (ProgID)


State 47

   30 Operator: GT_OP .

    $default  reduce using rule 30 (Operator)


State 48

   31 Operator: LT_OP .

    $default  reduce using rule 31 (Operator)


State 49

   32 Operator: EQ_OP .

    $default  reduce using rule 32 (Operator)


State 50

   33 Operator: DOUBLE_EQ_OP .

    $default  reduce using rule 33 (Operator)


State 51

   34 Operator: GT_EQ_OP .

    $default  reduce using rule 34 (Operator)


State 52

   35 Operator: LT_EQ_OP .

    $default  reduce using rule 35 (Operator)


State 53

   28 Condition: ID Operator . ID
   29          | ID Operator . NUMBER

    NUMBER  shift, and go to state 62
    ID      shift, and go to state 63


State 54

   13 Expr: IF Condition THEN . Statement ENDIF

    DIGIT    shift, and go to state 20
    DISPLAY  shift, and go to state 21
    ACCEPT   shift, and go to state 22
    IF       shift, and go to state 23
    PERFORM  shift, and go to state 24
    PERIOD   shift, and go to state 25
    ADD      shift, and go to state 26

    $default  reduce using rule 36 (DoubleDigit)

    Statement    go to state 64
    Expr         go to state 29
    DoubleDigit  go to state 30


State 55

   15 Expr: PERFORM Statement NUMBER . TIMES

    TIMES  shift, and go to state 65


State 56

   14 Expr: PERFORM Statement UNTIL . COUNT Operator NUMBER

    COUNT  shift, and go to state 66


State 57

   26 Expr: ADD NUMBER TO . ID

    ID  shift, and go to state 67


State 58

   27 Expr: ADD ID TO . ID

    ID  shift, and go to state 68


State 59

   49 StopRun: STOP RUN . PERIOD

    PERIOD  shift, and go to state 69


State 60

   16 Expr: DoubleDigit ID PICTURE . IS Nines
   19     | DoubleDigit ID PICTURE . IS FloatClause
   21     | DoubleDigit ID PICTURE . IS UnsignedClause
   23     | DoubleDigit ID PICTURE . IS Xs

    IS  shift, and go to state 70


State 61

   17 Expr: DoubleDigit ID PIC . Nines
   18     | DoubleDigit ID PIC . IntPicClause
   20     | DoubleDigit ID PIC . FloatClause
   22     | DoubleDigit ID PIC . UnsignedClause
   24     | DoubleDigit ID PIC . Xs
   25     | DoubleDigit ID PIC . StringPicClause

    NINE     shift, and go to state 71
    LETTERS  shift, and go to state 72
    LETTERX  shift, and go to state 73

    NUMBER    reduce using rule 38 (Nines)
    NUMBER    [reduce using rule 40 (Xs)]
    DIGIT     reduce using rule 38 (Nines)
    DIGIT     [reduce using rule 40 (Xs)]
    ID        reduce using rule 38 (Nines)
    ID        [reduce using rule 40 (Xs)]
    DISPLAY   reduce using rule 38 (Nines)
    DISPLAY   [reduce using rule 40 (Xs)]
    ACCEPT    reduce using rule 38 (Nines)
    ACCEPT    [reduce using rule 40 (Xs)]
    STOP      reduce using rule 38 (Nines)
    STOP      [reduce using rule 40 (Xs)]
    IF        reduce using rule 38 (Nines)
    IF        [reduce using rule 40 (Xs)]
    ENDIF     reduce using rule 38 (Nines)
    ENDIF     [reduce using rule 40 (Xs)]
    PERFORM   reduce using rule 38 (Nines)
    PERFORM   [reduce using rule 40 (Xs)]
    UNTIL     reduce using rule 38 (Nines)
    UNTIL     [reduce using rule 40 (Xs)]
    PERIOD    reduce using rule 38 (Nines)
    PERIOD    [reduce using rule 40 (Xs)]
    ADD       reduce using rule 38 (Nines)
    ADD       [reduce using rule 40 (Xs)]
    $default  reduce using rule 38 (Nines)

    Nines            go to state 74
    Xs               go to state 75
    IntPicClause     go to state 76
    FloatClause      go to state 77
    UnsignedClause   go to state 78
    StringPicClause  go to state 79


State 62

   29 Condition: ID Operator NUMBER .

    $default  reduce using rule 29 (Condition)


State 63

   28 Condition: ID Operator ID .

    $default  reduce using rule 28 (Condition)


State 64

   13 Expr: IF Condition THEN Statement . ENDIF

    ENDIF  shift, and go to state 80


State 65

   15 Expr: PERFORM Statement NUMBER TIMES .

    $default  reduce using rule 15 (Expr)


State 66

   14 Expr: PERFORM Statement UNTIL COUNT . Operator NUMBER

    GT_OP         shift, and go to state 47
    LT_OP         shift, and go to state 48
    EQ_OP         shift, and go to state 49
    DOUBLE_EQ_OP  shift, and go to state 50
    GT_EQ_OP      shift, and go to state 51
    LT_EQ_OP      shift, and go to state 52

    Operator  go to state 81


State 67

   26 Expr: ADD NUMBER TO ID .

    $default  reduce using rule 26 (Expr)


State 68

   27 Expr: ADD ID TO ID .

    $default  reduce using rule 27 (Expr)


State 69

   49 StopRun: STOP RUN PERIOD .

    $default  reduce using rule 49 (StopRun)


State 70

   16 Expr: DoubleDigit ID PICTURE IS . Nines
   19     | DoubleDigit ID PICTURE IS . FloatClause
   21     | DoubleDigit ID PICTURE IS . UnsignedClause
   23     | DoubleDigit ID PICTURE IS . Xs

    NINE     shift, and go to state 82
    LETTERS  shift, and go to state 72
    LETTERX  shift, and go to state 83

    NUMBER    reduce using rule 38 (Nines)
    NUMBER    [reduce using rule 40 (Xs)]
    DIGIT     reduce using rule 38 (Nines)
    DIGIT     [reduce using rule 40 (Xs)]
    ID        reduce using rule 38 (Nines)
    ID        [reduce using rule 40 (Xs)]
    DISPLAY   reduce using rule 38 (Nines)
    DISPLAY   [reduce using rule 40 (Xs)]
    ACCEPT    reduce using rule 38 (Nines)
    ACCEPT    [reduce using rule 40 (Xs)]
    STOP      reduce using rule 38 (Nines)
    STOP      [reduce using rule 40 (Xs)]
    IF        reduce using rule 38 (Nines)
    IF        [reduce using rule 40 (Xs)]
    ENDIF     reduce using rule 38 (Nines)
    ENDIF     [reduce using rule 40 (Xs)]
    PERFORM   reduce using rule 38 (Nines)
    PERFORM   [reduce using rule 40 (Xs)]
    UNTIL     reduce using rule 38 (Nines)
    UNTIL     [reduce using rule 40 (Xs)]
    PERIOD    reduce using rule 38 (Nines)
    PERIOD    [reduce using rule 40 (Xs)]
    ADD       reduce using rule 38 (Nines)
    ADD       [reduce using rule 40 (Xs)]
    $default  reduce using rule 38 (Nines)

    Nines           go to state 84
    Xs              go to state 85
    FloatClause     go to state 86
    UnsignedClause  go to state 87


State 71

   39 Nines: NINE . Nines
   42 IntPicClause: NINE . OPEN_PARENTHESES NUMBER CLOSE_PARENTHESES

    OPEN_PARENTHESES  shift, and go to state 88
    NINE              shift, and go to state 82

    $default  reduce using rule 38 (Nines)

    Nines  go to state 89


State 72

   44 UnsignedClause: LETTERS . Nines

    NINE  shift, and go to state 82

    $default  reduce using rule 38 (Nines)

    Nines  go to state 90


State 73

   41 Xs: LETTERX . Xs
   45 StringPicClause: LETTERX . OPEN_PARENTHESES NUMBER CLOSE_PARENTHESES

    OPEN_PARENTHESES  shift, and go to state 91
    LETTERX           shift, and go to state 83

    $default  reduce using rule 40 (Xs)

    Xs  go to state 92


State 74

   17 Expr: DoubleDigit ID PIC Nines .
   43 FloatClause: Nines . LETTERV Nines

    LETTERV  shift, and go to state 93

    $default  reduce using rule 17 (Expr)


State 75

   24 Expr: DoubleDigit ID PIC Xs .

    $default  reduce using rule 24 (Expr)


State 76

   18 Expr: DoubleDigit ID PIC IntPicClause .

    $default  reduce using rule 18 (Expr)


State 77

   20 Expr: DoubleDigit ID PIC FloatClause .

    $default  reduce using rule 20 (Expr)


State 78

   22 Expr: DoubleDigit ID PIC UnsignedClause .

    $default  reduce using rule 22 (Expr)


State 79

   25 Expr: DoubleDigit ID PIC StringPicClause .

    $default  reduce using rule 25 (Expr)


State 80

   13 Expr: IF Condition THEN Statement ENDIF .

    $default  reduce using rule 13 (Expr)


State 81

   14 Expr: PERFORM Statement UNTIL COUNT Operator . NUMBER

    NUMBER  shift, and go to state 94


State 82

   39 Nines: NINE . Nines

    NINE  shift, and go to state 82

    $default  reduce using rule 38 (Nines)

    Nines  go to state 89


State 83

   41 Xs: LETTERX . Xs

    LETTERX  shift, and go to state 83

    $default  reduce using rule 40 (Xs)

    Xs  go to state 92


State 84

   16 Expr: DoubleDigit ID PICTURE IS Nines .
   43 FloatClause: Nines . LETTERV Nines

    LETTERV  shift, and go to state 93

    $default  reduce using rule 16 (Expr)


State 85

   23 Expr: DoubleDigit ID PICTURE IS Xs .

    $default  reduce using rule 23 (Expr)


State 86

   19 Expr: DoubleDigit ID PICTURE IS FloatClause .

    $default  reduce using rule 19 (Expr)


State 87

   21 Expr: DoubleDigit ID PICTURE IS UnsignedClause .

    $default  reduce using rule 21 (Expr)


State 88

   42 IntPicClause: NINE OPEN_PARENTHESES . NUMBER CLOSE_PARENTHESES

    NUMBER  shift, and go to state 95


State 89

   39 Nines: NINE Nines .

    $default  reduce using rule 39 (Nines)


State 90

   44 UnsignedClause: LETTERS Nines .

    $default  reduce using rule 44 (UnsignedClause)


State 91

   45 StringPicClause: LETTERX OPEN_PARENTHESES . NUMBER CLOSE_PARENTHESES

    NUMBER  shift, and go to state 96


State 92

   41 Xs: LETTERX Xs .

    $default  reduce using rule 41 (Xs)


State 93

   43 FloatClause: Nines LETTERV . Nines

    NINE  shift, and go to state 82

    $default  reduce using rule 38 (Nines)

    Nines  go to state 97


State 94

   14 Expr: PERFORM Statement UNTIL COUNT Operator NUMBER .

    $default  reduce using rule 14 (Expr)


State 95

   42 IntPicClause: NINE OPEN_PARENTHESES NUMBER . CLOSE_PARENTHESES

    CLOSE_PARENTHESES  shift, and go to state 98


State 96

   45 StringPicClause: LETTERX OPEN_PARENTHESES NUMBER . CLOSE_PARENTHESES

    CLOSE_PARENTHESES  shift, and go to state 99


State 97

   43 FloatClause: Nines LETTERV Nines .

    $default  reduce using rule 43 (FloatClause)


State 98

   42 IntPicClause: NINE OPEN_PARENTHESES NUMBER CLOSE_PARENTHESES .

    $default  reduce using rule 42 (IntPicClause)


State 99

   45 StringPicClause: LETTERX OPEN_PARENTHESES NUMBER CLOSE_PARENTHESES .

    $default  reduce using rule 45 (StringPicClause)
